21-07-28 08:21:53,135 [main] Logfile closed: G:\Spring Workspace\36RSpringGlobalTransactionManagement\.\tmlog-1.log
21-07-28 08:21:53,231 [main] A: refreshed XAResource
21-07-28 08:21:53,322 [main] Error in recovery
javax.transaction.xa.XAException
	at oracle.jdbc.xa.OracleXAResource.recover(OracleXAResource.java:703)
	at com.atomikos.datasource.xa.XATransactionalResource.recover(XATransactionalResource.java:789)
	at com.atomikos.datasource.xa.XATransactionalResource.endRecovery(XATransactionalResource.java:874)
	at com.atomikos.icatch.imp.TransactionServiceImp.recover(TransactionServiceImp.java:609)
	at com.atomikos.datasource.xa.XATransactionalResource.setRecoveryService(XATransactionalResource.java:707)
	at com.atomikos.icatch.system.Configuration.installRecoveryService(Configuration.java:235)
	at com.atomikos.icatch.imp.TransactionServiceImp.recover(TransactionServiceImp.java:554)
	at com.atomikos.icatch.imp.TransactionServiceImp.init(TransactionServiceImp.java:715)
	at com.atomikos.icatch.imp.BaseTransactionManager.init(BaseTransactionManager.java:290)
	at com.atomikos.icatch.standalone.StandAloneTransactionManager.init(StandAloneTransactionManager.java:159)
	at com.atomikos.icatch.standalone.UserTransactionServiceImp.init(UserTransactionServiceImp.java:282)
	at com.atomikos.icatch.config.UserTransactionServiceImp.init(Unknown Source)
	at com.atomikos.icatch.jta.UserTransactionManager.checkSetup(UserTransactionManager.java:63)
	at com.atomikos.icatch.jta.UserTransactionManager.init(UserTransactionManager.java:113)
	at sun.reflect.NativeMethodAccessorImpl.invoke0(Native Method)
	at sun.reflect.NativeMethodAccessorImpl.invoke(NativeMethodAccessorImpl.java:62)
	at sun.reflect.DelegatingMethodAccessorImpl.invoke(DelegatingMethodAccessorImpl.java:43)
	at java.lang.reflect.Method.invoke(Method.java:498)
	at org.springframework.beans.factory.support.AbstractAutowireCapableBeanFactory.invokeCustomInitMethod(AbstractAutowireCapableBeanFactory.java:1681)
	at org.springframework.beans.factory.support.AbstractAutowireCapableBeanFactory.invokeInitMethods(AbstractAutowireCapableBeanFactory.java:1620)
	at org.springframework.beans.factory.support.AbstractAutowireCapableBeanFactory.initializeBean(AbstractAutowireCapableBeanFactory.java:1549)
	at org.springframework.beans.factory.support.AbstractAutowireCapableBeanFactory.doCreateBean(AbstractAutowireCapableBeanFactory.java:539)
	at org.springframework.beans.factory.support.AbstractAutowireCapableBeanFactory.createBean(AbstractAutowireCapableBeanFactory.java:475)
	at org.springframework.beans.factory.support.AbstractBeanFactory$1.getObject(AbstractBeanFactory.java:304)
	at org.springframework.beans.factory.support.DefaultSingletonBeanRegistry.getSingleton(DefaultSingletonBeanRegistry.java:228)
	at org.springframework.beans.factory.support.AbstractBeanFactory.doGetBean(AbstractBeanFactory.java:300)
	at org.springframework.beans.factory.support.AbstractBeanFactory.getBean(AbstractBeanFactory.java:195)
	at org.springframework.beans.factory.support.DefaultListableBeanFactory.preInstantiateSingletons(DefaultListableBeanFactory.java:700)
	at org.springframework.context.support.AbstractApplicationContext.finishBeanFactoryInitialization(AbstractApplicationContext.java:760)
	at org.springframework.context.support.AbstractApplicationContext.refresh(AbstractApplicationContext.java:482)
	at org.springframework.context.support.ClassPathXmlApplicationContext.<init>(ClassPathXmlApplicationContext.java:139)
	at org.springframework.context.support.ClassPathXmlApplicationContext.<init>(ClassPathXmlApplicationContext.java:83)
	at client.TestClient.main(TestClient.java:9)
21-07-28 08:21:53,325 [main] ERROR IN RECOVERY
com.atomikos.datasource.ResourceException: Error in recovery
	at com.atomikos.datasource.xa.XATransactionalResource.recover(XATransactionalResource.java:800)
	at com.atomikos.datasource.xa.XATransactionalResource.endRecovery(XATransactionalResource.java:874)
	at com.atomikos.icatch.imp.TransactionServiceImp.recover(TransactionServiceImp.java:609)
	at com.atomikos.datasource.xa.XATransactionalResource.setRecoveryService(XATransactionalResource.java:707)
	at com.atomikos.icatch.system.Configuration.installRecoveryService(Configuration.java:235)
	at com.atomikos.icatch.imp.TransactionServiceImp.recover(TransactionServiceImp.java:554)
	at com.atomikos.icatch.imp.TransactionServiceImp.init(TransactionServiceImp.java:715)
	at com.atomikos.icatch.imp.BaseTransactionManager.init(BaseTransactionManager.java:290)
	at com.atomikos.icatch.standalone.StandAloneTransactionManager.init(StandAloneTransactionManager.java:159)
	at com.atomikos.icatch.standalone.UserTransactionServiceImp.init(UserTransactionServiceImp.java:282)
	at com.atomikos.icatch.config.UserTransactionServiceImp.init(Unknown Source)
	at com.atomikos.icatch.jta.UserTransactionManager.checkSetup(UserTransactionManager.java:63)
	at com.atomikos.icatch.jta.UserTransactionManager.init(UserTransactionManager.java:113)
	at sun.reflect.NativeMethodAccessorImpl.invoke0(Native Method)
	at sun.reflect.NativeMethodAccessorImpl.invoke(NativeMethodAccessorImpl.java:62)
	at sun.reflect.DelegatingMethodAccessorImpl.invoke(DelegatingMethodAccessorImpl.java:43)
	at java.lang.reflect.Method.invoke(Method.java:498)
	at org.springframework.beans.factory.support.AbstractAutowireCapableBeanFactory.invokeCustomInitMethod(AbstractAutowireCapableBeanFactory.java:1681)
	at org.springframework.beans.factory.support.AbstractAutowireCapableBeanFactory.invokeInitMethods(AbstractAutowireCapableBeanFactory.java:1620)
	at org.springframework.beans.factory.support.AbstractAutowireCapableBeanFactory.initializeBean(AbstractAutowireCapableBeanFactory.java:1549)
	at org.springframework.beans.factory.support.AbstractAutowireCapableBeanFactory.doCreateBean(AbstractAutowireCapableBeanFactory.java:539)
	at org.springframework.beans.factory.support.AbstractAutowireCapableBeanFactory.createBean(AbstractAutowireCapableBeanFactory.java:475)
	at org.springframework.beans.factory.support.AbstractBeanFactory$1.getObject(AbstractBeanFactory.java:304)
	at org.springframework.beans.factory.support.DefaultSingletonBeanRegistry.getSingleton(DefaultSingletonBeanRegistry.java:228)
	at org.springframework.beans.factory.support.AbstractBeanFactory.doGetBean(AbstractBeanFactory.java:300)
	at org.springframework.beans.factory.support.AbstractBeanFactory.getBean(AbstractBeanFactory.java:195)
	at org.springframework.beans.factory.support.DefaultListableBeanFactory.preInstantiateSingletons(DefaultListableBeanFactory.java:700)
	at org.springframework.context.support.AbstractApplicationContext.finishBeanFactoryInitialization(AbstractApplicationContext.java:760)
	at org.springframework.context.support.AbstractApplicationContext.refresh(AbstractApplicationContext.java:482)
	at org.springframework.context.support.ClassPathXmlApplicationContext.<init>(ClassPathXmlApplicationContext.java:139)
	at org.springframework.context.support.ClassPathXmlApplicationContext.<init>(ClassPathXmlApplicationContext.java:83)
	at client.TestClient.main(TestClient.java:9)
21-07-28 08:21:53,364 [main] B: refreshed XAResource
21-07-28 08:21:53,375 [main] Error in recovery
javax.transaction.xa.XAException
	at oracle.jdbc.xa.OracleXAResource.recover(OracleXAResource.java:703)
	at com.atomikos.datasource.xa.XATransactionalResource.recover(XATransactionalResource.java:789)
	at com.atomikos.datasource.xa.XATransactionalResource.endRecovery(XATransactionalResource.java:874)
	at com.atomikos.icatch.imp.TransactionServiceImp.recover(TransactionServiceImp.java:609)
	at com.atomikos.datasource.xa.XATransactionalResource.setRecoveryService(XATransactionalResource.java:707)
	at com.atomikos.icatch.system.Configuration.installRecoveryService(Configuration.java:235)
	at com.atomikos.icatch.imp.TransactionServiceImp.recover(TransactionServiceImp.java:554)
	at com.atomikos.icatch.imp.TransactionServiceImp.init(TransactionServiceImp.java:715)
	at com.atomikos.icatch.imp.BaseTransactionManager.init(BaseTransactionManager.java:290)
	at com.atomikos.icatch.standalone.StandAloneTransactionManager.init(StandAloneTransactionManager.java:159)
	at com.atomikos.icatch.standalone.UserTransactionServiceImp.init(UserTransactionServiceImp.java:282)
	at com.atomikos.icatch.config.UserTransactionServiceImp.init(Unknown Source)
	at com.atomikos.icatch.jta.UserTransactionManager.checkSetup(UserTransactionManager.java:63)
	at com.atomikos.icatch.jta.UserTransactionManager.init(UserTransactionManager.java:113)
	at sun.reflect.NativeMethodAccessorImpl.invoke0(Native Method)
	at sun.reflect.NativeMethodAccessorImpl.invoke(NativeMethodAccessorImpl.java:62)
	at sun.reflect.DelegatingMethodAccessorImpl.invoke(DelegatingMethodAccessorImpl.java:43)
	at java.lang.reflect.Method.invoke(Method.java:498)
	at org.springframework.beans.factory.support.AbstractAutowireCapableBeanFactory.invokeCustomInitMethod(AbstractAutowireCapableBeanFactory.java:1681)
	at org.springframework.beans.factory.support.AbstractAutowireCapableBeanFactory.invokeInitMethods(AbstractAutowireCapableBeanFactory.java:1620)
	at org.springframework.beans.factory.support.AbstractAutowireCapableBeanFactory.initializeBean(AbstractAutowireCapableBeanFactory.java:1549)
	at org.springframework.beans.factory.support.AbstractAutowireCapableBeanFactory.doCreateBean(AbstractAutowireCapableBeanFactory.java:539)
	at org.springframework.beans.factory.support.AbstractAutowireCapableBeanFactory.createBean(AbstractAutowireCapableBeanFactory.java:475)
	at org.springframework.beans.factory.support.AbstractBeanFactory$1.getObject(AbstractBeanFactory.java:304)
	at org.springframework.beans.factory.support.DefaultSingletonBeanRegistry.getSingleton(DefaultSingletonBeanRegistry.java:228)
	at org.springframework.beans.factory.support.AbstractBeanFactory.doGetBean(AbstractBeanFactory.java:300)
	at org.springframework.beans.factory.support.AbstractBeanFactory.getBean(AbstractBeanFactory.java:195)
	at org.springframework.beans.factory.support.DefaultListableBeanFactory.preInstantiateSingletons(DefaultListableBeanFactory.java:700)
	at org.springframework.context.support.AbstractApplicationContext.finishBeanFactoryInitialization(AbstractApplicationContext.java:760)
	at org.springframework.context.support.AbstractApplicationContext.refresh(AbstractApplicationContext.java:482)
	at org.springframework.context.support.ClassPathXmlApplicationContext.<init>(ClassPathXmlApplicationContext.java:139)
	at org.springframework.context.support.ClassPathXmlApplicationContext.<init>(ClassPathXmlApplicationContext.java:83)
	at client.TestClient.main(TestClient.java:9)
21-07-28 08:21:53,376 [main] ERROR IN RECOVERY
com.atomikos.datasource.ResourceException: Error in recovery
	at com.atomikos.datasource.xa.XATransactionalResource.recover(XATransactionalResource.java:800)
	at com.atomikos.datasource.xa.XATransactionalResource.endRecovery(XATransactionalResource.java:874)
	at com.atomikos.icatch.imp.TransactionServiceImp.recover(TransactionServiceImp.java:609)
	at com.atomikos.datasource.xa.XATransactionalResource.setRecoveryService(XATransactionalResource.java:707)
	at com.atomikos.icatch.system.Configuration.installRecoveryService(Configuration.java:235)
	at com.atomikos.icatch.imp.TransactionServiceImp.recover(TransactionServiceImp.java:554)
	at com.atomikos.icatch.imp.TransactionServiceImp.init(TransactionServiceImp.java:715)
	at com.atomikos.icatch.imp.BaseTransactionManager.init(BaseTransactionManager.java:290)
	at com.atomikos.icatch.standalone.StandAloneTransactionManager.init(StandAloneTransactionManager.java:159)
	at com.atomikos.icatch.standalone.UserTransactionServiceImp.init(UserTransactionServiceImp.java:282)
	at com.atomikos.icatch.config.UserTransactionServiceImp.init(Unknown Source)
	at com.atomikos.icatch.jta.UserTransactionManager.checkSetup(UserTransactionManager.java:63)
	at com.atomikos.icatch.jta.UserTransactionManager.init(UserTransactionManager.java:113)
	at sun.reflect.NativeMethodAccessorImpl.invoke0(Native Method)
	at sun.reflect.NativeMethodAccessorImpl.invoke(NativeMethodAccessorImpl.java:62)
	at sun.reflect.DelegatingMethodAccessorImpl.invoke(DelegatingMethodAccessorImpl.java:43)
	at java.lang.reflect.Method.invoke(Method.java:498)
	at org.springframework.beans.factory.support.AbstractAutowireCapableBeanFactory.invokeCustomInitMethod(AbstractAutowireCapableBeanFactory.java:1681)
	at org.springframework.beans.factory.support.AbstractAutowireCapableBeanFactory.invokeInitMethods(AbstractAutowireCapableBeanFactory.java:1620)
	at org.springframework.beans.factory.support.AbstractAutowireCapableBeanFactory.initializeBean(AbstractAutowireCapableBeanFactory.java:1549)
	at org.springframework.beans.factory.support.AbstractAutowireCapableBeanFactory.doCreateBean(AbstractAutowireCapableBeanFactory.java:539)
	at org.springframework.beans.factory.support.AbstractAutowireCapableBeanFactory.createBean(AbstractAutowireCapableBeanFactory.java:475)
	at org.springframework.beans.factory.support.AbstractBeanFactory$1.getObject(AbstractBeanFactory.java:304)
	at org.springframework.beans.factory.support.DefaultSingletonBeanRegistry.getSingleton(DefaultSingletonBeanRegistry.java:228)
	at org.springframework.beans.factory.support.AbstractBeanFactory.doGetBean(AbstractBeanFactory.java:300)
	at org.springframework.beans.factory.support.AbstractBeanFactory.getBean(AbstractBeanFactory.java:195)
	at org.springframework.beans.factory.support.DefaultListableBeanFactory.preInstantiateSingletons(DefaultListableBeanFactory.java:700)
	at org.springframework.context.support.AbstractApplicationContext.finishBeanFactoryInitialization(AbstractApplicationContext.java:760)
	at org.springframework.context.support.AbstractApplicationContext.refresh(AbstractApplicationContext.java:482)
	at org.springframework.context.support.ClassPathXmlApplicationContext.<init>(ClassPathXmlApplicationContext.java:139)
	at org.springframework.context.support.ClassPathXmlApplicationContext.<init>(ClassPathXmlApplicationContext.java:83)
	at client.TestClient.main(TestClient.java:9)
21-07-28 08:21:53,388 [main] Error in recovery
javax.transaction.xa.XAException
	at oracle.jdbc.xa.OracleXAResource.recover(OracleXAResource.java:703)
	at com.atomikos.datasource.xa.XATransactionalResource.recover(XATransactionalResource.java:789)
	at com.atomikos.datasource.xa.XATransactionalResource.endRecovery(XATransactionalResource.java:874)
	at com.atomikos.icatch.imp.TransactionServiceImp.recover(TransactionServiceImp.java:609)
	at com.atomikos.icatch.imp.TransactionServiceImp.init(TransactionServiceImp.java:715)
	at com.atomikos.icatch.imp.BaseTransactionManager.init(BaseTransactionManager.java:290)
	at com.atomikos.icatch.standalone.StandAloneTransactionManager.init(StandAloneTransactionManager.java:159)
	at com.atomikos.icatch.standalone.UserTransactionServiceImp.init(UserTransactionServiceImp.java:282)
	at com.atomikos.icatch.config.UserTransactionServiceImp.init(Unknown Source)
	at com.atomikos.icatch.jta.UserTransactionManager.checkSetup(UserTransactionManager.java:63)
	at com.atomikos.icatch.jta.UserTransactionManager.init(UserTransactionManager.java:113)
	at sun.reflect.NativeMethodAccessorImpl.invoke0(Native Method)
	at sun.reflect.NativeMethodAccessorImpl.invoke(NativeMethodAccessorImpl.java:62)
	at sun.reflect.DelegatingMethodAccessorImpl.invoke(DelegatingMethodAccessorImpl.java:43)
	at java.lang.reflect.Method.invoke(Method.java:498)
	at org.springframework.beans.factory.support.AbstractAutowireCapableBeanFactory.invokeCustomInitMethod(AbstractAutowireCapableBeanFactory.java:1681)
	at org.springframework.beans.factory.support.AbstractAutowireCapableBeanFactory.invokeInitMethods(AbstractAutowireCapableBeanFactory.java:1620)
	at org.springframework.beans.factory.support.AbstractAutowireCapableBeanFactory.initializeBean(AbstractAutowireCapableBeanFactory.java:1549)
	at org.springframework.beans.factory.support.AbstractAutowireCapableBeanFactory.doCreateBean(AbstractAutowireCapableBeanFactory.java:539)
	at org.springframework.beans.factory.support.AbstractAutowireCapableBeanFactory.createBean(AbstractAutowireCapableBeanFactory.java:475)
	at org.springframework.beans.factory.support.AbstractBeanFactory$1.getObject(AbstractBeanFactory.java:304)
	at org.springframework.beans.factory.support.DefaultSingletonBeanRegistry.getSingleton(DefaultSingletonBeanRegistry.java:228)
	at org.springframework.beans.factory.support.AbstractBeanFactory.doGetBean(AbstractBeanFactory.java:300)
	at org.springframework.beans.factory.support.AbstractBeanFactory.getBean(AbstractBeanFactory.java:195)
	at org.springframework.beans.factory.support.DefaultListableBeanFactory.preInstantiateSingletons(DefaultListableBeanFactory.java:700)
	at org.springframework.context.support.AbstractApplicationContext.finishBeanFactoryInitialization(AbstractApplicationContext.java:760)
	at org.springframework.context.support.AbstractApplicationContext.refresh(AbstractApplicationContext.java:482)
	at org.springframework.context.support.ClassPathXmlApplicationContext.<init>(ClassPathXmlApplicationContext.java:139)
	at org.springframework.context.support.ClassPathXmlApplicationContext.<init>(ClassPathXmlApplicationContext.java:83)
	at client.TestClient.main(TestClient.java:9)
21-07-28 08:21:53,389 [main] ERROR IN RECOVERY
com.atomikos.datasource.ResourceException: Error in recovery
	at com.atomikos.datasource.xa.XATransactionalResource.recover(XATransactionalResource.java:800)
	at com.atomikos.datasource.xa.XATransactionalResource.endRecovery(XATransactionalResource.java:874)
	at com.atomikos.icatch.imp.TransactionServiceImp.recover(TransactionServiceImp.java:609)
	at com.atomikos.icatch.imp.TransactionServiceImp.init(TransactionServiceImp.java:715)
	at com.atomikos.icatch.imp.BaseTransactionManager.init(BaseTransactionManager.java:290)
	at com.atomikos.icatch.standalone.StandAloneTransactionManager.init(StandAloneTransactionManager.java:159)
	at com.atomikos.icatch.standalone.UserTransactionServiceImp.init(UserTransactionServiceImp.java:282)
	at com.atomikos.icatch.config.UserTransactionServiceImp.init(Unknown Source)
	at com.atomikos.icatch.jta.UserTransactionManager.checkSetup(UserTransactionManager.java:63)
	at com.atomikos.icatch.jta.UserTransactionManager.init(UserTransactionManager.java:113)
	at sun.reflect.NativeMethodAccessorImpl.invoke0(Native Method)
	at sun.reflect.NativeMethodAccessorImpl.invoke(NativeMethodAccessorImpl.java:62)
	at sun.reflect.DelegatingMethodAccessorImpl.invoke(DelegatingMethodAccessorImpl.java:43)
	at java.lang.reflect.Method.invoke(Method.java:498)
	at org.springframework.beans.factory.support.AbstractAutowireCapableBeanFactory.invokeCustomInitMethod(AbstractAutowireCapableBeanFactory.java:1681)
	at org.springframework.beans.factory.support.AbstractAutowireCapableBeanFactory.invokeInitMethods(AbstractAutowireCapableBeanFactory.java:1620)
	at org.springframework.beans.factory.support.AbstractAutowireCapableBeanFactory.initializeBean(AbstractAutowireCapableBeanFactory.java:1549)
	at org.springframework.beans.factory.support.AbstractAutowireCapableBeanFactory.doCreateBean(AbstractAutowireCapableBeanFactory.java:539)
	at org.springframework.beans.factory.support.AbstractAutowireCapableBeanFactory.createBean(AbstractAutowireCapableBeanFactory.java:475)
	at org.springframework.beans.factory.support.AbstractBeanFactory$1.getObject(AbstractBeanFactory.java:304)
	at org.springframework.beans.factory.support.DefaultSingletonBeanRegistry.getSingleton(DefaultSingletonBeanRegistry.java:228)
	at org.springframework.beans.factory.support.AbstractBeanFactory.doGetBean(AbstractBeanFactory.java:300)
	at org.springframework.beans.factory.support.AbstractBeanFactory.getBean(AbstractBeanFactory.java:195)
	at org.springframework.beans.factory.support.DefaultListableBeanFactory.preInstantiateSingletons(DefaultListableBeanFactory.java:700)
	at org.springframework.context.support.AbstractApplicationContext.finishBeanFactoryInitialization(AbstractApplicationContext.java:760)
	at org.springframework.context.support.AbstractApplicationContext.refresh(AbstractApplicationContext.java:482)
	at org.springframework.context.support.ClassPathXmlApplicationContext.<init>(ClassPathXmlApplicationContext.java:139)
	at org.springframework.context.support.ClassPathXmlApplicationContext.<init>(ClassPathXmlApplicationContext.java:83)
	at client.TestClient.main(TestClient.java:9)
21-07-28 08:21:53,395 [main] Error in recovery
javax.transaction.xa.XAException
	at oracle.jdbc.xa.OracleXAResource.recover(OracleXAResource.java:703)
	at com.atomikos.datasource.xa.XATransactionalResource.recover(XATransactionalResource.java:789)
	at com.atomikos.datasource.xa.XATransactionalResource.endRecovery(XATransactionalResource.java:874)
	at com.atomikos.icatch.imp.TransactionServiceImp.recover(TransactionServiceImp.java:609)
	at com.atomikos.icatch.imp.TransactionServiceImp.init(TransactionServiceImp.java:715)
	at com.atomikos.icatch.imp.BaseTransactionManager.init(BaseTransactionManager.java:290)
	at com.atomikos.icatch.standalone.StandAloneTransactionManager.init(StandAloneTransactionManager.java:159)
	at com.atomikos.icatch.standalone.UserTransactionServiceImp.init(UserTransactionServiceImp.java:282)
	at com.atomikos.icatch.config.UserTransactionServiceImp.init(Unknown Source)
	at com.atomikos.icatch.jta.UserTransactionManager.checkSetup(UserTransactionManager.java:63)
	at com.atomikos.icatch.jta.UserTransactionManager.init(UserTransactionManager.java:113)
	at sun.reflect.NativeMethodAccessorImpl.invoke0(Native Method)
	at sun.reflect.NativeMethodAccessorImpl.invoke(NativeMethodAccessorImpl.java:62)
	at sun.reflect.DelegatingMethodAccessorImpl.invoke(DelegatingMethodAccessorImpl.java:43)
	at java.lang.reflect.Method.invoke(Method.java:498)
	at org.springframework.beans.factory.support.AbstractAutowireCapableBeanFactory.invokeCustomInitMethod(AbstractAutowireCapableBeanFactory.java:1681)
	at org.springframework.beans.factory.support.AbstractAutowireCapableBeanFactory.invokeInitMethods(AbstractAutowireCapableBeanFactory.java:1620)
	at org.springframework.beans.factory.support.AbstractAutowireCapableBeanFactory.initializeBean(AbstractAutowireCapableBeanFactory.java:1549)
	at org.springframework.beans.factory.support.AbstractAutowireCapableBeanFactory.doCreateBean(AbstractAutowireCapableBeanFactory.java:539)
	at org.springframework.beans.factory.support.AbstractAutowireCapableBeanFactory.createBean(AbstractAutowireCapableBeanFactory.java:475)
	at org.springframework.beans.factory.support.AbstractBeanFactory$1.getObject(AbstractBeanFactory.java:304)
	at org.springframework.beans.factory.support.DefaultSingletonBeanRegistry.getSingleton(DefaultSingletonBeanRegistry.java:228)
	at org.springframework.beans.factory.support.AbstractBeanFactory.doGetBean(AbstractBeanFactory.java:300)
	at org.springframework.beans.factory.support.AbstractBeanFactory.getBean(AbstractBeanFactory.java:195)
	at org.springframework.beans.factory.support.DefaultListableBeanFactory.preInstantiateSingletons(DefaultListableBeanFactory.java:700)
	at org.springframework.context.support.AbstractApplicationContext.finishBeanFactoryInitialization(AbstractApplicationContext.java:760)
	at org.springframework.context.support.AbstractApplicationContext.refresh(AbstractApplicationContext.java:482)
	at org.springframework.context.support.ClassPathXmlApplicationContext.<init>(ClassPathXmlApplicationContext.java:139)
	at org.springframework.context.support.ClassPathXmlApplicationContext.<init>(ClassPathXmlApplicationContext.java:83)
	at client.TestClient.main(TestClient.java:9)
21-07-28 08:21:53,396 [main] ERROR IN RECOVERY
com.atomikos.datasource.ResourceException: Error in recovery
	at com.atomikos.datasource.xa.XATransactionalResource.recover(XATransactionalResource.java:800)
	at com.atomikos.datasource.xa.XATransactionalResource.endRecovery(XATransactionalResource.java:874)
	at com.atomikos.icatch.imp.TransactionServiceImp.recover(TransactionServiceImp.java:609)
	at com.atomikos.icatch.imp.TransactionServiceImp.init(TransactionServiceImp.java:715)
	at com.atomikos.icatch.imp.BaseTransactionManager.init(BaseTransactionManager.java:290)
	at com.atomikos.icatch.standalone.StandAloneTransactionManager.init(StandAloneTransactionManager.java:159)
	at com.atomikos.icatch.standalone.UserTransactionServiceImp.init(UserTransactionServiceImp.java:282)
	at com.atomikos.icatch.config.UserTransactionServiceImp.init(Unknown Source)
	at com.atomikos.icatch.jta.UserTransactionManager.checkSetup(UserTransactionManager.java:63)
	at com.atomikos.icatch.jta.UserTransactionManager.init(UserTransactionManager.java:113)
	at sun.reflect.NativeMethodAccessorImpl.invoke0(Native Method)
	at sun.reflect.NativeMethodAccessorImpl.invoke(NativeMethodAccessorImpl.java:62)
	at sun.reflect.DelegatingMethodAccessorImpl.invoke(DelegatingMethodAccessorImpl.java:43)
	at java.lang.reflect.Method.invoke(Method.java:498)
	at org.springframework.beans.factory.support.AbstractAutowireCapableBeanFactory.invokeCustomInitMethod(AbstractAutowireCapableBeanFactory.java:1681)
	at org.springframework.beans.factory.support.AbstractAutowireCapableBeanFactory.invokeInitMethods(AbstractAutowireCapableBeanFactory.java:1620)
	at org.springframework.beans.factory.support.AbstractAutowireCapableBeanFactory.initializeBean(AbstractAutowireCapableBeanFactory.java:1549)
	at org.springframework.beans.factory.support.AbstractAutowireCapableBeanFactory.doCreateBean(AbstractAutowireCapableBeanFactory.java:539)
	at org.springframework.beans.factory.support.AbstractAutowireCapableBeanFactory.createBean(AbstractAutowireCapableBeanFactory.java:475)
	at org.springframework.beans.factory.support.AbstractBeanFactory$1.getObject(AbstractBeanFactory.java:304)
	at org.springframework.beans.factory.support.DefaultSingletonBeanRegistry.getSingleton(DefaultSingletonBeanRegistry.java:228)
	at org.springframework.beans.factory.support.AbstractBeanFactory.doGetBean(AbstractBeanFactory.java:300)
	at org.springframework.beans.factory.support.AbstractBeanFactory.getBean(AbstractBeanFactory.java:195)
	at org.springframework.beans.factory.support.DefaultListableBeanFactory.preInstantiateSingletons(DefaultListableBeanFactory.java:700)
	at org.springframework.context.support.AbstractApplicationContext.finishBeanFactoryInitialization(AbstractApplicationContext.java:760)
	at org.springframework.context.support.AbstractApplicationContext.refresh(AbstractApplicationContext.java:482)
	at org.springframework.context.support.ClassPathXmlApplicationContext.<init>(ClassPathXmlApplicationContext.java:139)
	at org.springframework.context.support.ClassPathXmlApplicationContext.<init>(ClassPathXmlApplicationContext.java:83)
	at client.TestClient.main(TestClient.java:9)
21-07-28 08:21:53,401 [main] Error in recovery
javax.transaction.xa.XAException
	at oracle.jdbc.xa.OracleXAResource.recover(OracleXAResource.java:703)
	at com.atomikos.datasource.xa.XATransactionalResource.recover(XATransactionalResource.java:789)
	at com.atomikos.datasource.xa.XATransactionalResource.endRecovery(XATransactionalResource.java:874)
	at com.atomikos.icatch.imp.TransactionServiceImp.recover(TransactionServiceImp.java:609)
	at com.atomikos.datasource.xa.XATransactionalResource.setRecoveryService(XATransactionalResource.java:707)
	at com.atomikos.icatch.system.Configuration.installRecoveryService(Configuration.java:235)
	at com.atomikos.icatch.standalone.UserTransactionServiceImp.init(UserTransactionServiceImp.java:285)
	at com.atomikos.icatch.config.UserTransactionServiceImp.init(Unknown Source)
	at com.atomikos.icatch.jta.UserTransactionManager.checkSetup(UserTransactionManager.java:63)
	at com.atomikos.icatch.jta.UserTransactionManager.init(UserTransactionManager.java:113)
	at sun.reflect.NativeMethodAccessorImpl.invoke0(Native Method)
	at sun.reflect.NativeMethodAccessorImpl.invoke(NativeMethodAccessorImpl.java:62)
	at sun.reflect.DelegatingMethodAccessorImpl.invoke(DelegatingMethodAccessorImpl.java:43)
	at java.lang.reflect.Method.invoke(Method.java:498)
	at org.springframework.beans.factory.support.AbstractAutowireCapableBeanFactory.invokeCustomInitMethod(AbstractAutowireCapableBeanFactory.java:1681)
	at org.springframework.beans.factory.support.AbstractAutowireCapableBeanFactory.invokeInitMethods(AbstractAutowireCapableBeanFactory.java:1620)
	at org.springframework.beans.factory.support.AbstractAutowireCapableBeanFactory.initializeBean(AbstractAutowireCapableBeanFactory.java:1549)
	at org.springframework.beans.factory.support.AbstractAutowireCapableBeanFactory.doCreateBean(AbstractAutowireCapableBeanFactory.java:539)
	at org.springframework.beans.factory.support.AbstractAutowireCapableBeanFactory.createBean(AbstractAutowireCapableBeanFactory.java:475)
	at org.springframework.beans.factory.support.AbstractBeanFactory$1.getObject(AbstractBeanFactory.java:304)
	at org.springframework.beans.factory.support.DefaultSingletonBeanRegistry.getSingleton(DefaultSingletonBeanRegistry.java:228)
	at org.springframework.beans.factory.support.AbstractBeanFactory.doGetBean(AbstractBeanFactory.java:300)
	at org.springframework.beans.factory.support.AbstractBeanFactory.getBean(AbstractBeanFactory.java:195)
	at org.springframework.beans.factory.support.DefaultListableBeanFactory.preInstantiateSingletons(DefaultListableBeanFactory.java:700)
	at org.springframework.context.support.AbstractApplicationContext.finishBeanFactoryInitialization(AbstractApplicationContext.java:760)
	at org.springframework.context.support.AbstractApplicationContext.refresh(AbstractApplicationContext.java:482)
	at org.springframework.context.support.ClassPathXmlApplicationContext.<init>(ClassPathXmlApplicationContext.java:139)
	at org.springframework.context.support.ClassPathXmlApplicationContext.<init>(ClassPathXmlApplicationContext.java:83)
	at client.TestClient.main(TestClient.java:9)
21-07-28 08:21:53,401 [main] ERROR IN RECOVERY
com.atomikos.datasource.ResourceException: Error in recovery
	at com.atomikos.datasource.xa.XATransactionalResource.recover(XATransactionalResource.java:800)
	at com.atomikos.datasource.xa.XATransactionalResource.endRecovery(XATransactionalResource.java:874)
	at com.atomikos.icatch.imp.TransactionServiceImp.recover(TransactionServiceImp.java:609)
	at com.atomikos.datasource.xa.XATransactionalResource.setRecoveryService(XATransactionalResource.java:707)
	at com.atomikos.icatch.system.Configuration.installRecoveryService(Configuration.java:235)
	at com.atomikos.icatch.standalone.UserTransactionServiceImp.init(UserTransactionServiceImp.java:285)
	at com.atomikos.icatch.config.UserTransactionServiceImp.init(Unknown Source)
	at com.atomikos.icatch.jta.UserTransactionManager.checkSetup(UserTransactionManager.java:63)
	at com.atomikos.icatch.jta.UserTransactionManager.init(UserTransactionManager.java:113)
	at sun.reflect.NativeMethodAccessorImpl.invoke0(Native Method)
	at sun.reflect.NativeMethodAccessorImpl.invoke(NativeMethodAccessorImpl.java:62)
	at sun.reflect.DelegatingMethodAccessorImpl.invoke(DelegatingMethodAccessorImpl.java:43)
	at java.lang.reflect.Method.invoke(Method.java:498)
	at org.springframework.beans.factory.support.AbstractAutowireCapableBeanFactory.invokeCustomInitMethod(AbstractAutowireCapableBeanFactory.java:1681)
	at org.springframework.beans.factory.support.AbstractAutowireCapableBeanFactory.invokeInitMethods(AbstractAutowireCapableBeanFactory.java:1620)
	at org.springframework.beans.factory.support.AbstractAutowireCapableBeanFactory.initializeBean(AbstractAutowireCapableBeanFactory.java:1549)
	at org.springframework.beans.factory.support.AbstractAutowireCapableBeanFactory.doCreateBean(AbstractAutowireCapableBeanFactory.java:539)
	at org.springframework.beans.factory.support.AbstractAutowireCapableBeanFactory.createBean(AbstractAutowireCapableBeanFactory.java:475)
	at org.springframework.beans.factory.support.AbstractBeanFactory$1.getObject(AbstractBeanFactory.java:304)
	at org.springframework.beans.factory.support.DefaultSingletonBeanRegistry.getSingleton(DefaultSingletonBeanRegistry.java:228)
	at org.springframework.beans.factory.support.AbstractBeanFactory.doGetBean(AbstractBeanFactory.java:300)
	at org.springframework.beans.factory.support.AbstractBeanFactory.getBean(AbstractBeanFactory.java:195)
	at org.springframework.beans.factory.support.DefaultListableBeanFactory.preInstantiateSingletons(DefaultListableBeanFactory.java:700)
	at org.springframework.context.support.AbstractApplicationContext.finishBeanFactoryInitialization(AbstractApplicationContext.java:760)
	at org.springframework.context.support.AbstractApplicationContext.refresh(AbstractApplicationContext.java:482)
	at org.springframework.context.support.ClassPathXmlApplicationContext.<init>(ClassPathXmlApplicationContext.java:139)
	at org.springframework.context.support.ClassPathXmlApplicationContext.<init>(ClassPathXmlApplicationContext.java:83)
	at client.TestClient.main(TestClient.java:9)
21-07-28 08:21:53,406 [main] Error in recovery
javax.transaction.xa.XAException
	at oracle.jdbc.xa.OracleXAResource.recover(OracleXAResource.java:703)
	at com.atomikos.datasource.xa.XATransactionalResource.recover(XATransactionalResource.java:789)
	at com.atomikos.datasource.xa.XATransactionalResource.endRecovery(XATransactionalResource.java:874)
	at com.atomikos.icatch.imp.TransactionServiceImp.recover(TransactionServiceImp.java:609)
	at com.atomikos.datasource.xa.XATransactionalResource.setRecoveryService(XATransactionalResource.java:707)
	at com.atomikos.icatch.system.Configuration.installRecoveryService(Configuration.java:235)
	at com.atomikos.icatch.standalone.UserTransactionServiceImp.init(UserTransactionServiceImp.java:285)
	at com.atomikos.icatch.config.UserTransactionServiceImp.init(Unknown Source)
	at com.atomikos.icatch.jta.UserTransactionManager.checkSetup(UserTransactionManager.java:63)
	at com.atomikos.icatch.jta.UserTransactionManager.init(UserTransactionManager.java:113)
	at sun.reflect.NativeMethodAccessorImpl.invoke0(Native Method)
	at sun.reflect.NativeMethodAccessorImpl.invoke(NativeMethodAccessorImpl.java:62)
	at sun.reflect.DelegatingMethodAccessorImpl.invoke(DelegatingMethodAccessorImpl.java:43)
	at java.lang.reflect.Method.invoke(Method.java:498)
	at org.springframework.beans.factory.support.AbstractAutowireCapableBeanFactory.invokeCustomInitMethod(AbstractAutowireCapableBeanFactory.java:1681)
	at org.springframework.beans.factory.support.AbstractAutowireCapableBeanFactory.invokeInitMethods(AbstractAutowireCapableBeanFactory.java:1620)
	at org.springframework.beans.factory.support.AbstractAutowireCapableBeanFactory.initializeBean(AbstractAutowireCapableBeanFactory.java:1549)
	at org.springframework.beans.factory.support.AbstractAutowireCapableBeanFactory.doCreateBean(AbstractAutowireCapableBeanFactory.java:539)
	at org.springframework.beans.factory.support.AbstractAutowireCapableBeanFactory.createBean(AbstractAutowireCapableBeanFactory.java:475)
	at org.springframework.beans.factory.support.AbstractBeanFactory$1.getObject(AbstractBeanFactory.java:304)
	at org.springframework.beans.factory.support.DefaultSingletonBeanRegistry.getSingleton(DefaultSingletonBeanRegistry.java:228)
	at org.springframework.beans.factory.support.AbstractBeanFactory.doGetBean(AbstractBeanFactory.java:300)
	at org.springframework.beans.factory.support.AbstractBeanFactory.getBean(AbstractBeanFactory.java:195)
	at org.springframework.beans.factory.support.DefaultListableBeanFactory.preInstantiateSingletons(DefaultListableBeanFactory.java:700)
	at org.springframework.context.support.AbstractApplicationContext.finishBeanFactoryInitialization(AbstractApplicationContext.java:760)
	at org.springframework.context.support.AbstractApplicationContext.refresh(AbstractApplicationContext.java:482)
	at org.springframework.context.support.ClassPathXmlApplicationContext.<init>(ClassPathXmlApplicationContext.java:139)
	at org.springframework.context.support.ClassPathXmlApplicationContext.<init>(ClassPathXmlApplicationContext.java:83)
	at client.TestClient.main(TestClient.java:9)
21-07-28 08:21:53,407 [main] ERROR IN RECOVERY
com.atomikos.datasource.ResourceException: Error in recovery
	at com.atomikos.datasource.xa.XATransactionalResource.recover(XATransactionalResource.java:800)
	at com.atomikos.datasource.xa.XATransactionalResource.endRecovery(XATransactionalResource.java:874)
	at com.atomikos.icatch.imp.TransactionServiceImp.recover(TransactionServiceImp.java:609)
	at com.atomikos.datasource.xa.XATransactionalResource.setRecoveryService(XATransactionalResource.java:707)
	at com.atomikos.icatch.system.Configuration.installRecoveryService(Configuration.java:235)
	at com.atomikos.icatch.standalone.UserTransactionServiceImp.init(UserTransactionServiceImp.java:285)
	at com.atomikos.icatch.config.UserTransactionServiceImp.init(Unknown Source)
	at com.atomikos.icatch.jta.UserTransactionManager.checkSetup(UserTransactionManager.java:63)
	at com.atomikos.icatch.jta.UserTransactionManager.init(UserTransactionManager.java:113)
	at sun.reflect.NativeMethodAccessorImpl.invoke0(Native Method)
	at sun.reflect.NativeMethodAccessorImpl.invoke(NativeMethodAccessorImpl.java:62)
	at sun.reflect.DelegatingMethodAccessorImpl.invoke(DelegatingMethodAccessorImpl.java:43)
	at java.lang.reflect.Method.invoke(Method.java:498)
	at org.springframework.beans.factory.support.AbstractAutowireCapableBeanFactory.invokeCustomInitMethod(AbstractAutowireCapableBeanFactory.java:1681)
	at org.springframework.beans.factory.support.AbstractAutowireCapableBeanFactory.invokeInitMethods(AbstractAutowireCapableBeanFactory.java:1620)
	at org.springframework.beans.factory.support.AbstractAutowireCapableBeanFactory.initializeBean(AbstractAutowireCapableBeanFactory.java:1549)
	at org.springframework.beans.factory.support.AbstractAutowireCapableBeanFactory.doCreateBean(AbstractAutowireCapableBeanFactory.java:539)
	at org.springframework.beans.factory.support.AbstractAutowireCapableBeanFactory.createBean(AbstractAutowireCapableBeanFactory.java:475)
	at org.springframework.beans.factory.support.AbstractBeanFactory$1.getObject(AbstractBeanFactory.java:304)
	at org.springframework.beans.factory.support.DefaultSingletonBeanRegistry.getSingleton(DefaultSingletonBeanRegistry.java:228)
	at org.springframework.beans.factory.support.AbstractBeanFactory.doGetBean(AbstractBeanFactory.java:300)
	at org.springframework.beans.factory.support.AbstractBeanFactory.getBean(AbstractBeanFactory.java:195)
	at org.springframework.beans.factory.support.DefaultListableBeanFactory.preInstantiateSingletons(DefaultListableBeanFactory.java:700)
	at org.springframework.context.support.AbstractApplicationContext.finishBeanFactoryInitialization(AbstractApplicationContext.java:760)
	at org.springframework.context.support.AbstractApplicationContext.refresh(AbstractApplicationContext.java:482)
	at org.springframework.context.support.ClassPathXmlApplicationContext.<init>(ClassPathXmlApplicationContext.java:139)
	at org.springframework.context.support.ClassPathXmlApplicationContext.<init>(ClassPathXmlApplicationContext.java:83)
	at client.TestClient.main(TestClient.java:9)
21-07-28 08:22:37,818 [main] Starting read of logfile G:\Spring Workspace\36RSpringGlobalTransactionManagement\.\tmlog0.log
21-07-28 08:22:37,908 [main] Done read of logfile
21-07-28 08:22:37,909 [main] Logfile closed: G:\Spring Workspace\36RSpringGlobalTransactionManagement\.\tmlog0.log
21-07-28 08:22:37,977 [main] A: refreshed XAResource
21-07-28 08:22:38,047 [main] Error in recovery
javax.transaction.xa.XAException
	at oracle.jdbc.xa.OracleXAResource.recover(OracleXAResource.java:703)
	at com.atomikos.datasource.xa.XATransactionalResource.recover(XATransactionalResource.java:789)
	at com.atomikos.datasource.xa.XATransactionalResource.endRecovery(XATransactionalResource.java:874)
	at com.atomikos.icatch.imp.TransactionServiceImp.recover(TransactionServiceImp.java:609)
	at com.atomikos.datasource.xa.XATransactionalResource.setRecoveryService(XATransactionalResource.java:707)
	at com.atomikos.icatch.system.Configuration.installRecoveryService(Configuration.java:235)
	at com.atomikos.icatch.imp.TransactionServiceImp.recover(TransactionServiceImp.java:554)
	at com.atomikos.icatch.imp.TransactionServiceImp.init(TransactionServiceImp.java:715)
	at com.atomikos.icatch.imp.BaseTransactionManager.init(BaseTransactionManager.java:290)
	at com.atomikos.icatch.standalone.StandAloneTransactionManager.init(StandAloneTransactionManager.java:159)
	at com.atomikos.icatch.standalone.UserTransactionServiceImp.init(UserTransactionServiceImp.java:282)
	at com.atomikos.icatch.config.UserTransactionServiceImp.init(Unknown Source)
	at com.atomikos.icatch.jta.UserTransactionManager.checkSetup(UserTransactionManager.java:63)
	at com.atomikos.icatch.jta.UserTransactionManager.init(UserTransactionManager.java:113)
	at sun.reflect.NativeMethodAccessorImpl.invoke0(Native Method)
	at sun.reflect.NativeMethodAccessorImpl.invoke(NativeMethodAccessorImpl.java:62)
	at sun.reflect.DelegatingMethodAccessorImpl.invoke(DelegatingMethodAccessorImpl.java:43)
	at java.lang.reflect.Method.invoke(Method.java:498)
	at org.springframework.beans.factory.support.AbstractAutowireCapableBeanFactory.invokeCustomInitMethod(AbstractAutowireCapableBeanFactory.java:1681)
	at org.springframework.beans.factory.support.AbstractAutowireCapableBeanFactory.invokeInitMethods(AbstractAutowireCapableBeanFactory.java:1620)
	at org.springframework.beans.factory.support.AbstractAutowireCapableBeanFactory.initializeBean(AbstractAutowireCapableBeanFactory.java:1549)
	at org.springframework.beans.factory.support.AbstractAutowireCapableBeanFactory.doCreateBean(AbstractAutowireCapableBeanFactory.java:539)
	at org.springframework.beans.factory.support.AbstractAutowireCapableBeanFactory.createBean(AbstractAutowireCapableBeanFactory.java:475)
	at org.springframework.beans.factory.support.AbstractBeanFactory$1.getObject(AbstractBeanFactory.java:304)
	at org.springframework.beans.factory.support.DefaultSingletonBeanRegistry.getSingleton(DefaultSingletonBeanRegistry.java:228)
	at org.springframework.beans.factory.support.AbstractBeanFactory.doGetBean(AbstractBeanFactory.java:300)
	at org.springframework.beans.factory.support.AbstractBeanFactory.getBean(AbstractBeanFactory.java:195)
	at org.springframework.beans.factory.support.DefaultListableBeanFactory.preInstantiateSingletons(DefaultListableBeanFactory.java:700)
	at org.springframework.context.support.AbstractApplicationContext.finishBeanFactoryInitialization(AbstractApplicationContext.java:760)
	at org.springframework.context.support.AbstractApplicationContext.refresh(AbstractApplicationContext.java:482)
	at org.springframework.context.support.ClassPathXmlApplicationContext.<init>(ClassPathXmlApplicationContext.java:139)
	at org.springframework.context.support.ClassPathXmlApplicationContext.<init>(ClassPathXmlApplicationContext.java:83)
	at client.TestClient.main(TestClient.java:9)
21-07-28 08:22:38,050 [main] ERROR IN RECOVERY
com.atomikos.datasource.ResourceException: Error in recovery
	at com.atomikos.datasource.xa.XATransactionalResource.recover(XATransactionalResource.java:800)
	at com.atomikos.datasource.xa.XATransactionalResource.endRecovery(XATransactionalResource.java:874)
	at com.atomikos.icatch.imp.TransactionServiceImp.recover(TransactionServiceImp.java:609)
	at com.atomikos.datasource.xa.XATransactionalResource.setRecoveryService(XATransactionalResource.java:707)
	at com.atomikos.icatch.system.Configuration.installRecoveryService(Configuration.java:235)
	at com.atomikos.icatch.imp.TransactionServiceImp.recover(TransactionServiceImp.java:554)
	at com.atomikos.icatch.imp.TransactionServiceImp.init(TransactionServiceImp.java:715)
	at com.atomikos.icatch.imp.BaseTransactionManager.init(BaseTransactionManager.java:290)
	at com.atomikos.icatch.standalone.StandAloneTransactionManager.init(StandAloneTransactionManager.java:159)
	at com.atomikos.icatch.standalone.UserTransactionServiceImp.init(UserTransactionServiceImp.java:282)
	at com.atomikos.icatch.config.UserTransactionServiceImp.init(Unknown Source)
	at com.atomikos.icatch.jta.UserTransactionManager.checkSetup(UserTransactionManager.java:63)
	at com.atomikos.icatch.jta.UserTransactionManager.init(UserTransactionManager.java:113)
	at sun.reflect.NativeMethodAccessorImpl.invoke0(Native Method)
	at sun.reflect.NativeMethodAccessorImpl.invoke(NativeMethodAccessorImpl.java:62)
	at sun.reflect.DelegatingMethodAccessorImpl.invoke(DelegatingMethodAccessorImpl.java:43)
	at java.lang.reflect.Method.invoke(Method.java:498)
	at org.springframework.beans.factory.support.AbstractAutowireCapableBeanFactory.invokeCustomInitMethod(AbstractAutowireCapableBeanFactory.java:1681)
	at org.springframework.beans.factory.support.AbstractAutowireCapableBeanFactory.invokeInitMethods(AbstractAutowireCapableBeanFactory.java:1620)
	at org.springframework.beans.factory.support.AbstractAutowireCapableBeanFactory.initializeBean(AbstractAutowireCapableBeanFactory.java:1549)
	at org.springframework.beans.factory.support.AbstractAutowireCapableBeanFactory.doCreateBean(AbstractAutowireCapableBeanFactory.java:539)
	at org.springframework.beans.factory.support.AbstractAutowireCapableBeanFactory.createBean(AbstractAutowireCapableBeanFactory.java:475)
	at org.springframework.beans.factory.support.AbstractBeanFactory$1.getObject(AbstractBeanFactory.java:304)
	at org.springframework.beans.factory.support.DefaultSingletonBeanRegistry.getSingleton(DefaultSingletonBeanRegistry.java:228)
	at org.springframework.beans.factory.support.AbstractBeanFactory.doGetBean(AbstractBeanFactory.java:300)
	at org.springframework.beans.factory.support.AbstractBeanFactory.getBean(AbstractBeanFactory.java:195)
	at org.springframework.beans.factory.support.DefaultListableBeanFactory.preInstantiateSingletons(DefaultListableBeanFactory.java:700)
	at org.springframework.context.support.AbstractApplicationContext.finishBeanFactoryInitialization(AbstractApplicationContext.java:760)
	at org.springframework.context.support.AbstractApplicationContext.refresh(AbstractApplicationContext.java:482)
	at org.springframework.context.support.ClassPathXmlApplicationContext.<init>(ClassPathXmlApplicationContext.java:139)
	at org.springframework.context.support.ClassPathXmlApplicationContext.<init>(ClassPathXmlApplicationContext.java:83)
	at client.TestClient.main(TestClient.java:9)
21-07-28 08:22:38,082 [main] B: refreshed XAResource
21-07-28 08:22:38,094 [main] Error in recovery
javax.transaction.xa.XAException
	at oracle.jdbc.xa.OracleXAResource.recover(OracleXAResource.java:703)
	at com.atomikos.datasource.xa.XATransactionalResource.recover(XATransactionalResource.java:789)
	at com.atomikos.datasource.xa.XATransactionalResource.endRecovery(XATransactionalResource.java:874)
	at com.atomikos.icatch.imp.TransactionServiceImp.recover(TransactionServiceImp.java:609)
	at com.atomikos.datasource.xa.XATransactionalResource.setRecoveryService(XATransactionalResource.java:707)
	at com.atomikos.icatch.system.Configuration.installRecoveryService(Configuration.java:235)
	at com.atomikos.icatch.imp.TransactionServiceImp.recover(TransactionServiceImp.java:554)
	at com.atomikos.icatch.imp.TransactionServiceImp.init(TransactionServiceImp.java:715)
	at com.atomikos.icatch.imp.BaseTransactionManager.init(BaseTransactionManager.java:290)
	at com.atomikos.icatch.standalone.StandAloneTransactionManager.init(StandAloneTransactionManager.java:159)
	at com.atomikos.icatch.standalone.UserTransactionServiceImp.init(UserTransactionServiceImp.java:282)
	at com.atomikos.icatch.config.UserTransactionServiceImp.init(Unknown Source)
	at com.atomikos.icatch.jta.UserTransactionManager.checkSetup(UserTransactionManager.java:63)
	at com.atomikos.icatch.jta.UserTransactionManager.init(UserTransactionManager.java:113)
	at sun.reflect.NativeMethodAccessorImpl.invoke0(Native Method)
	at sun.reflect.NativeMethodAccessorImpl.invoke(NativeMethodAccessorImpl.java:62)
	at sun.reflect.DelegatingMethodAccessorImpl.invoke(DelegatingMethodAccessorImpl.java:43)
	at java.lang.reflect.Method.invoke(Method.java:498)
	at org.springframework.beans.factory.support.AbstractAutowireCapableBeanFactory.invokeCustomInitMethod(AbstractAutowireCapableBeanFactory.java:1681)
	at org.springframework.beans.factory.support.AbstractAutowireCapableBeanFactory.invokeInitMethods(AbstractAutowireCapableBeanFactory.java:1620)
	at org.springframework.beans.factory.support.AbstractAutowireCapableBeanFactory.initializeBean(AbstractAutowireCapableBeanFactory.java:1549)
	at org.springframework.beans.factory.support.AbstractAutowireCapableBeanFactory.doCreateBean(AbstractAutowireCapableBeanFactory.java:539)
	at org.springframework.beans.factory.support.AbstractAutowireCapableBeanFactory.createBean(AbstractAutowireCapableBeanFactory.java:475)
	at org.springframework.beans.factory.support.AbstractBeanFactory$1.getObject(AbstractBeanFactory.java:304)
	at org.springframework.beans.factory.support.DefaultSingletonBeanRegistry.getSingleton(DefaultSingletonBeanRegistry.java:228)
	at org.springframework.beans.factory.support.AbstractBeanFactory.doGetBean(AbstractBeanFactory.java:300)
	at org.springframework.beans.factory.support.AbstractBeanFactory.getBean(AbstractBeanFactory.java:195)
	at org.springframework.beans.factory.support.DefaultListableBeanFactory.preInstantiateSingletons(DefaultListableBeanFactory.java:700)
	at org.springframework.context.support.AbstractApplicationContext.finishBeanFactoryInitialization(AbstractApplicationContext.java:760)
	at org.springframework.context.support.AbstractApplicationContext.refresh(AbstractApplicationContext.java:482)
	at org.springframework.context.support.ClassPathXmlApplicationContext.<init>(ClassPathXmlApplicationContext.java:139)
	at org.springframework.context.support.ClassPathXmlApplicationContext.<init>(ClassPathXmlApplicationContext.java:83)
	at client.TestClient.main(TestClient.java:9)
21-07-28 08:22:38,095 [main] ERROR IN RECOVERY
com.atomikos.datasource.ResourceException: Error in recovery
	at com.atomikos.datasource.xa.XATransactionalResource.recover(XATransactionalResource.java:800)
	at com.atomikos.datasource.xa.XATransactionalResource.endRecovery(XATransactionalResource.java:874)
	at com.atomikos.icatch.imp.TransactionServiceImp.recover(TransactionServiceImp.java:609)
	at com.atomikos.datasource.xa.XATransactionalResource.setRecoveryService(XATransactionalResource.java:707)
	at com.atomikos.icatch.system.Configuration.installRecoveryService(Configuration.java:235)
	at com.atomikos.icatch.imp.TransactionServiceImp.recover(TransactionServiceImp.java:554)
	at com.atomikos.icatch.imp.TransactionServiceImp.init(TransactionServiceImp.java:715)
	at com.atomikos.icatch.imp.BaseTransactionManager.init(BaseTransactionManager.java:290)
	at com.atomikos.icatch.standalone.StandAloneTransactionManager.init(StandAloneTransactionManager.java:159)
	at com.atomikos.icatch.standalone.UserTransactionServiceImp.init(UserTransactionServiceImp.java:282)
	at com.atomikos.icatch.config.UserTransactionServiceImp.init(Unknown Source)
	at com.atomikos.icatch.jta.UserTransactionManager.checkSetup(UserTransactionManager.java:63)
	at com.atomikos.icatch.jta.UserTransactionManager.init(UserTransactionManager.java:113)
	at sun.reflect.NativeMethodAccessorImpl.invoke0(Native Method)
	at sun.reflect.NativeMethodAccessorImpl.invoke(NativeMethodAccessorImpl.java:62)
	at sun.reflect.DelegatingMethodAccessorImpl.invoke(DelegatingMethodAccessorImpl.java:43)
	at java.lang.reflect.Method.invoke(Method.java:498)
	at org.springframework.beans.factory.support.AbstractAutowireCapableBeanFactory.invokeCustomInitMethod(AbstractAutowireCapableBeanFactory.java:1681)
	at org.springframework.beans.factory.support.AbstractAutowireCapableBeanFactory.invokeInitMethods(AbstractAutowireCapableBeanFactory.java:1620)
	at org.springframework.beans.factory.support.AbstractAutowireCapableBeanFactory.initializeBean(AbstractAutowireCapableBeanFactory.java:1549)
	at org.springframework.beans.factory.support.AbstractAutowireCapableBeanFactory.doCreateBean(AbstractAutowireCapableBeanFactory.java:539)
	at org.springframework.beans.factory.support.AbstractAutowireCapableBeanFactory.createBean(AbstractAutowireCapableBeanFactory.java:475)
	at org.springframework.beans.factory.support.AbstractBeanFactory$1.getObject(AbstractBeanFactory.java:304)
	at org.springframework.beans.factory.support.DefaultSingletonBeanRegistry.getSingleton(DefaultSingletonBeanRegistry.java:228)
	at org.springframework.beans.factory.support.AbstractBeanFactory.doGetBean(AbstractBeanFactory.java:300)
	at org.springframework.beans.factory.support.AbstractBeanFactory.getBean(AbstractBeanFactory.java:195)
	at org.springframework.beans.factory.support.DefaultListableBeanFactory.preInstantiateSingletons(DefaultListableBeanFactory.java:700)
	at org.springframework.context.support.AbstractApplicationContext.finishBeanFactoryInitialization(AbstractApplicationContext.java:760)
	at org.springframework.context.support.AbstractApplicationContext.refresh(AbstractApplicationContext.java:482)
	at org.springframework.context.support.ClassPathXmlApplicationContext.<init>(ClassPathXmlApplicationContext.java:139)
	at org.springframework.context.support.ClassPathXmlApplicationContext.<init>(ClassPathXmlApplicationContext.java:83)
	at client.TestClient.main(TestClient.java:9)
21-07-28 08:22:38,101 [main] Error in recovery
javax.transaction.xa.XAException
	at oracle.jdbc.xa.OracleXAResource.recover(OracleXAResource.java:703)
	at com.atomikos.datasource.xa.XATransactionalResource.recover(XATransactionalResource.java:789)
	at com.atomikos.datasource.xa.XATransactionalResource.endRecovery(XATransactionalResource.java:874)
	at com.atomikos.icatch.imp.TransactionServiceImp.recover(TransactionServiceImp.java:609)
	at com.atomikos.icatch.imp.TransactionServiceImp.init(TransactionServiceImp.java:715)
	at com.atomikos.icatch.imp.BaseTransactionManager.init(BaseTransactionManager.java:290)
	at com.atomikos.icatch.standalone.StandAloneTransactionManager.init(StandAloneTransactionManager.java:159)
	at com.atomikos.icatch.standalone.UserTransactionServiceImp.init(UserTransactionServiceImp.java:282)
	at com.atomikos.icatch.config.UserTransactionServiceImp.init(Unknown Source)
	at com.atomikos.icatch.jta.UserTransactionManager.checkSetup(UserTransactionManager.java:63)
	at com.atomikos.icatch.jta.UserTransactionManager.init(UserTransactionManager.java:113)
	at sun.reflect.NativeMethodAccessorImpl.invoke0(Native Method)
	at sun.reflect.NativeMethodAccessorImpl.invoke(NativeMethodAccessorImpl.java:62)
	at sun.reflect.DelegatingMethodAccessorImpl.invoke(DelegatingMethodAccessorImpl.java:43)
	at java.lang.reflect.Method.invoke(Method.java:498)
	at org.springframework.beans.factory.support.AbstractAutowireCapableBeanFactory.invokeCustomInitMethod(AbstractAutowireCapableBeanFactory.java:1681)
	at org.springframework.beans.factory.support.AbstractAutowireCapableBeanFactory.invokeInitMethods(AbstractAutowireCapableBeanFactory.java:1620)
	at org.springframework.beans.factory.support.AbstractAutowireCapableBeanFactory.initializeBean(AbstractAutowireCapableBeanFactory.java:1549)
	at org.springframework.beans.factory.support.AbstractAutowireCapableBeanFactory.doCreateBean(AbstractAutowireCapableBeanFactory.java:539)
	at org.springframework.beans.factory.support.AbstractAutowireCapableBeanFactory.createBean(AbstractAutowireCapableBeanFactory.java:475)
	at org.springframework.beans.factory.support.AbstractBeanFactory$1.getObject(AbstractBeanFactory.java:304)
	at org.springframework.beans.factory.support.DefaultSingletonBeanRegistry.getSingleton(DefaultSingletonBeanRegistry.java:228)
	at org.springframework.beans.factory.support.AbstractBeanFactory.doGetBean(AbstractBeanFactory.java:300)
	at org.springframework.beans.factory.support.AbstractBeanFactory.getBean(AbstractBeanFactory.java:195)
	at org.springframework.beans.factory.support.DefaultListableBeanFactory.preInstantiateSingletons(DefaultListableBeanFactory.java:700)
	at org.springframework.context.support.AbstractApplicationContext.finishBeanFactoryInitialization(AbstractApplicationContext.java:760)
	at org.springframework.context.support.AbstractApplicationContext.refresh(AbstractApplicationContext.java:482)
	at org.springframework.context.support.ClassPathXmlApplicationContext.<init>(ClassPathXmlApplicationContext.java:139)
	at org.springframework.context.support.ClassPathXmlApplicationContext.<init>(ClassPathXmlApplicationContext.java:83)
	at client.TestClient.main(TestClient.java:9)
21-07-28 08:22:38,102 [main] ERROR IN RECOVERY
com.atomikos.datasource.ResourceException: Error in recovery
	at com.atomikos.datasource.xa.XATransactionalResource.recover(XATransactionalResource.java:800)
	at com.atomikos.datasource.xa.XATransactionalResource.endRecovery(XATransactionalResource.java:874)
	at com.atomikos.icatch.imp.TransactionServiceImp.recover(TransactionServiceImp.java:609)
	at com.atomikos.icatch.imp.TransactionServiceImp.init(TransactionServiceImp.java:715)
	at com.atomikos.icatch.imp.BaseTransactionManager.init(BaseTransactionManager.java:290)
	at com.atomikos.icatch.standalone.StandAloneTransactionManager.init(StandAloneTransactionManager.java:159)
	at com.atomikos.icatch.standalone.UserTransactionServiceImp.init(UserTransactionServiceImp.java:282)
	at com.atomikos.icatch.config.UserTransactionServiceImp.init(Unknown Source)
	at com.atomikos.icatch.jta.UserTransactionManager.checkSetup(UserTransactionManager.java:63)
	at com.atomikos.icatch.jta.UserTransactionManager.init(UserTransactionManager.java:113)
	at sun.reflect.NativeMethodAccessorImpl.invoke0(Native Method)
	at sun.reflect.NativeMethodAccessorImpl.invoke(NativeMethodAccessorImpl.java:62)
	at sun.reflect.DelegatingMethodAccessorImpl.invoke(DelegatingMethodAccessorImpl.java:43)
	at java.lang.reflect.Method.invoke(Method.java:498)
	at org.springframework.beans.factory.support.AbstractAutowireCapableBeanFactory.invokeCustomInitMethod(AbstractAutowireCapableBeanFactory.java:1681)
	at org.springframework.beans.factory.support.AbstractAutowireCapableBeanFactory.invokeInitMethods(AbstractAutowireCapableBeanFactory.java:1620)
	at org.springframework.beans.factory.support.AbstractAutowireCapableBeanFactory.initializeBean(AbstractAutowireCapableBeanFactory.java:1549)
	at org.springframework.beans.factory.support.AbstractAutowireCapableBeanFactory.doCreateBean(AbstractAutowireCapableBeanFactory.java:539)
	at org.springframework.beans.factory.support.AbstractAutowireCapableBeanFactory.createBean(AbstractAutowireCapableBeanFactory.java:475)
	at org.springframework.beans.factory.support.AbstractBeanFactory$1.getObject(AbstractBeanFactory.java:304)
	at org.springframework.beans.factory.support.DefaultSingletonBeanRegistry.getSingleton(DefaultSingletonBeanRegistry.java:228)
	at org.springframework.beans.factory.support.AbstractBeanFactory.doGetBean(AbstractBeanFactory.java:300)
	at org.springframework.beans.factory.support.AbstractBeanFactory.getBean(AbstractBeanFactory.java:195)
	at org.springframework.beans.factory.support.DefaultListableBeanFactory.preInstantiateSingletons(DefaultListableBeanFactory.java:700)
	at org.springframework.context.support.AbstractApplicationContext.finishBeanFactoryInitialization(AbstractApplicationContext.java:760)
	at org.springframework.context.support.AbstractApplicationContext.refresh(AbstractApplicationContext.java:482)
	at org.springframework.context.support.ClassPathXmlApplicationContext.<init>(ClassPathXmlApplicationContext.java:139)
	at org.springframework.context.support.ClassPathXmlApplicationContext.<init>(ClassPathXmlApplicationContext.java:83)
	at client.TestClient.main(TestClient.java:9)
21-07-28 08:22:38,106 [main] Error in recovery
javax.transaction.xa.XAException
	at oracle.jdbc.xa.OracleXAResource.recover(OracleXAResource.java:703)
	at com.atomikos.datasource.xa.XATransactionalResource.recover(XATransactionalResource.java:789)
	at com.atomikos.datasource.xa.XATransactionalResource.endRecovery(XATransactionalResource.java:874)
	at com.atomikos.icatch.imp.TransactionServiceImp.recover(TransactionServiceImp.java:609)
	at com.atomikos.icatch.imp.TransactionServiceImp.init(TransactionServiceImp.java:715)
	at com.atomikos.icatch.imp.BaseTransactionManager.init(BaseTransactionManager.java:290)
	at com.atomikos.icatch.standalone.StandAloneTransactionManager.init(StandAloneTransactionManager.java:159)
	at com.atomikos.icatch.standalone.UserTransactionServiceImp.init(UserTransactionServiceImp.java:282)
	at com.atomikos.icatch.config.UserTransactionServiceImp.init(Unknown Source)
	at com.atomikos.icatch.jta.UserTransactionManager.checkSetup(UserTransactionManager.java:63)
	at com.atomikos.icatch.jta.UserTransactionManager.init(UserTransactionManager.java:113)
	at sun.reflect.NativeMethodAccessorImpl.invoke0(Native Method)
	at sun.reflect.NativeMethodAccessorImpl.invoke(NativeMethodAccessorImpl.java:62)
	at sun.reflect.DelegatingMethodAccessorImpl.invoke(DelegatingMethodAccessorImpl.java:43)
	at java.lang.reflect.Method.invoke(Method.java:498)
	at org.springframework.beans.factory.support.AbstractAutowireCapableBeanFactory.invokeCustomInitMethod(AbstractAutowireCapableBeanFactory.java:1681)
	at org.springframework.beans.factory.support.AbstractAutowireCapableBeanFactory.invokeInitMethods(AbstractAutowireCapableBeanFactory.java:1620)
	at org.springframework.beans.factory.support.AbstractAutowireCapableBeanFactory.initializeBean(AbstractAutowireCapableBeanFactory.java:1549)
	at org.springframework.beans.factory.support.AbstractAutowireCapableBeanFactory.doCreateBean(AbstractAutowireCapableBeanFactory.java:539)
	at org.springframework.beans.factory.support.AbstractAutowireCapableBeanFactory.createBean(AbstractAutowireCapableBeanFactory.java:475)
	at org.springframework.beans.factory.support.AbstractBeanFactory$1.getObject(AbstractBeanFactory.java:304)
	at org.springframework.beans.factory.support.DefaultSingletonBeanRegistry.getSingleton(DefaultSingletonBeanRegistry.java:228)
	at org.springframework.beans.factory.support.AbstractBeanFactory.doGetBean(AbstractBeanFactory.java:300)
	at org.springframework.beans.factory.support.AbstractBeanFactory.getBean(AbstractBeanFactory.java:195)
	at org.springframework.beans.factory.support.DefaultListableBeanFactory.preInstantiateSingletons(DefaultListableBeanFactory.java:700)
	at org.springframework.context.support.AbstractApplicationContext.finishBeanFactoryInitialization(AbstractApplicationContext.java:760)
	at org.springframework.context.support.AbstractApplicationContext.refresh(AbstractApplicationContext.java:482)
	at org.springframework.context.support.ClassPathXmlApplicationContext.<init>(ClassPathXmlApplicationContext.java:139)
	at org.springframework.context.support.ClassPathXmlApplicationContext.<init>(ClassPathXmlApplicationContext.java:83)
	at client.TestClient.main(TestClient.java:9)
21-07-28 08:22:38,107 [main] ERROR IN RECOVERY
com.atomikos.datasource.ResourceException: Error in recovery
	at com.atomikos.datasource.xa.XATransactionalResource.recover(XATransactionalResource.java:800)
	at com.atomikos.datasource.xa.XATransactionalResource.endRecovery(XATransactionalResource.java:874)
	at com.atomikos.icatch.imp.TransactionServiceImp.recover(TransactionServiceImp.java:609)
	at com.atomikos.icatch.imp.TransactionServiceImp.init(TransactionServiceImp.java:715)
	at com.atomikos.icatch.imp.BaseTransactionManager.init(BaseTransactionManager.java:290)
	at com.atomikos.icatch.standalone.StandAloneTransactionManager.init(StandAloneTransactionManager.java:159)
	at com.atomikos.icatch.standalone.UserTransactionServiceImp.init(UserTransactionServiceImp.java:282)
	at com.atomikos.icatch.config.UserTransactionServiceImp.init(Unknown Source)
	at com.atomikos.icatch.jta.UserTransactionManager.checkSetup(UserTransactionManager.java:63)
	at com.atomikos.icatch.jta.UserTransactionManager.init(UserTransactionManager.java:113)
	at sun.reflect.NativeMethodAccessorImpl.invoke0(Native Method)
	at sun.reflect.NativeMethodAccessorImpl.invoke(NativeMethodAccessorImpl.java:62)
	at sun.reflect.DelegatingMethodAccessorImpl.invoke(DelegatingMethodAccessorImpl.java:43)
	at java.lang.reflect.Method.invoke(Method.java:498)
	at org.springframework.beans.factory.support.AbstractAutowireCapableBeanFactory.invokeCustomInitMethod(AbstractAutowireCapableBeanFactory.java:1681)
	at org.springframework.beans.factory.support.AbstractAutowireCapableBeanFactory.invokeInitMethods(AbstractAutowireCapableBeanFactory.java:1620)
	at org.springframework.beans.factory.support.AbstractAutowireCapableBeanFactory.initializeBean(AbstractAutowireCapableBeanFactory.java:1549)
	at org.springframework.beans.factory.support.AbstractAutowireCapableBeanFactory.doCreateBean(AbstractAutowireCapableBeanFactory.java:539)
	at org.springframework.beans.factory.support.AbstractAutowireCapableBeanFactory.createBean(AbstractAutowireCapableBeanFactory.java:475)
	at org.springframework.beans.factory.support.AbstractBeanFactory$1.getObject(AbstractBeanFactory.java:304)
	at org.springframework.beans.factory.support.DefaultSingletonBeanRegistry.getSingleton(DefaultSingletonBeanRegistry.java:228)
	at org.springframework.beans.factory.support.AbstractBeanFactory.doGetBean(AbstractBeanFactory.java:300)
	at org.springframework.beans.factory.support.AbstractBeanFactory.getBean(AbstractBeanFactory.java:195)
	at org.springframework.beans.factory.support.DefaultListableBeanFactory.preInstantiateSingletons(DefaultListableBeanFactory.java:700)
	at org.springframework.context.support.AbstractApplicationContext.finishBeanFactoryInitialization(AbstractApplicationContext.java:760)
	at org.springframework.context.support.AbstractApplicationContext.refresh(AbstractApplicationContext.java:482)
	at org.springframework.context.support.ClassPathXmlApplicationContext.<init>(ClassPathXmlApplicationContext.java:139)
	at org.springframework.context.support.ClassPathXmlApplicationContext.<init>(ClassPathXmlApplicationContext.java:83)
	at client.TestClient.main(TestClient.java:9)
21-07-28 08:22:38,112 [main] Error in recovery
javax.transaction.xa.XAException
	at oracle.jdbc.xa.OracleXAResource.recover(OracleXAResource.java:703)
	at com.atomikos.datasource.xa.XATransactionalResource.recover(XATransactionalResource.java:789)
	at com.atomikos.datasource.xa.XATransactionalResource.endRecovery(XATransactionalResource.java:874)
	at com.atomikos.icatch.imp.TransactionServiceImp.recover(TransactionServiceImp.java:609)
	at com.atomikos.datasource.xa.XATransactionalResource.setRecoveryService(XATransactionalResource.java:707)
	at com.atomikos.icatch.system.Configuration.installRecoveryService(Configuration.java:235)
	at com.atomikos.icatch.standalone.UserTransactionServiceImp.init(UserTransactionServiceImp.java:285)
	at com.atomikos.icatch.config.UserTransactionServiceImp.init(Unknown Source)
	at com.atomikos.icatch.jta.UserTransactionManager.checkSetup(UserTransactionManager.java:63)
	at com.atomikos.icatch.jta.UserTransactionManager.init(UserTransactionManager.java:113)
	at sun.reflect.NativeMethodAccessorImpl.invoke0(Native Method)
	at sun.reflect.NativeMethodAccessorImpl.invoke(NativeMethodAccessorImpl.java:62)
	at sun.reflect.DelegatingMethodAccessorImpl.invoke(DelegatingMethodAccessorImpl.java:43)
	at java.lang.reflect.Method.invoke(Method.java:498)
	at org.springframework.beans.factory.support.AbstractAutowireCapableBeanFactory.invokeCustomInitMethod(AbstractAutowireCapableBeanFactory.java:1681)
	at org.springframework.beans.factory.support.AbstractAutowireCapableBeanFactory.invokeInitMethods(AbstractAutowireCapableBeanFactory.java:1620)
	at org.springframework.beans.factory.support.AbstractAutowireCapableBeanFactory.initializeBean(AbstractAutowireCapableBeanFactory.java:1549)
	at org.springframework.beans.factory.support.AbstractAutowireCapableBeanFactory.doCreateBean(AbstractAutowireCapableBeanFactory.java:539)
	at org.springframework.beans.factory.support.AbstractAutowireCapableBeanFactory.createBean(AbstractAutowireCapableBeanFactory.java:475)
	at org.springframework.beans.factory.support.AbstractBeanFactory$1.getObject(AbstractBeanFactory.java:304)
	at org.springframework.beans.factory.support.DefaultSingletonBeanRegistry.getSingleton(DefaultSingletonBeanRegistry.java:228)
	at org.springframework.beans.factory.support.AbstractBeanFactory.doGetBean(AbstractBeanFactory.java:300)
	at org.springframework.beans.factory.support.AbstractBeanFactory.getBean(AbstractBeanFactory.java:195)
	at org.springframework.beans.factory.support.DefaultListableBeanFactory.preInstantiateSingletons(DefaultListableBeanFactory.java:700)
	at org.springframework.context.support.AbstractApplicationContext.finishBeanFactoryInitialization(AbstractApplicationContext.java:760)
	at org.springframework.context.support.AbstractApplicationContext.refresh(AbstractApplicationContext.java:482)
	at org.springframework.context.support.ClassPathXmlApplicationContext.<init>(ClassPathXmlApplicationContext.java:139)
	at org.springframework.context.support.ClassPathXmlApplicationContext.<init>(ClassPathXmlApplicationContext.java:83)
	at client.TestClient.main(TestClient.java:9)
21-07-28 08:22:38,113 [main] ERROR IN RECOVERY
com.atomikos.datasource.ResourceException: Error in recovery
	at com.atomikos.datasource.xa.XATransactionalResource.recover(XATransactionalResource.java:800)
	at com.atomikos.datasource.xa.XATransactionalResource.endRecovery(XATransactionalResource.java:874)
	at com.atomikos.icatch.imp.TransactionServiceImp.recover(TransactionServiceImp.java:609)
	at com.atomikos.datasource.xa.XATransactionalResource.setRecoveryService(XATransactionalResource.java:707)
	at com.atomikos.icatch.system.Configuration.installRecoveryService(Configuration.java:235)
	at com.atomikos.icatch.standalone.UserTransactionServiceImp.init(UserTransactionServiceImp.java:285)
	at com.atomikos.icatch.config.UserTransactionServiceImp.init(Unknown Source)
	at com.atomikos.icatch.jta.UserTransactionManager.checkSetup(UserTransactionManager.java:63)
	at com.atomikos.icatch.jta.UserTransactionManager.init(UserTransactionManager.java:113)
	at sun.reflect.NativeMethodAccessorImpl.invoke0(Native Method)
	at sun.reflect.NativeMethodAccessorImpl.invoke(NativeMethodAccessorImpl.java:62)
	at sun.reflect.DelegatingMethodAccessorImpl.invoke(DelegatingMethodAccessorImpl.java:43)
	at java.lang.reflect.Method.invoke(Method.java:498)
	at org.springframework.beans.factory.support.AbstractAutowireCapableBeanFactory.invokeCustomInitMethod(AbstractAutowireCapableBeanFactory.java:1681)
	at org.springframework.beans.factory.support.AbstractAutowireCapableBeanFactory.invokeInitMethods(AbstractAutowireCapableBeanFactory.java:1620)
	at org.springframework.beans.factory.support.AbstractAutowireCapableBeanFactory.initializeBean(AbstractAutowireCapableBeanFactory.java:1549)
	at org.springframework.beans.factory.support.AbstractAutowireCapableBeanFactory.doCreateBean(AbstractAutowireCapableBeanFactory.java:539)
	at org.springframework.beans.factory.support.AbstractAutowireCapableBeanFactory.createBean(AbstractAutowireCapableBeanFactory.java:475)
	at org.springframework.beans.factory.support.AbstractBeanFactory$1.getObject(AbstractBeanFactory.java:304)
	at org.springframework.beans.factory.support.DefaultSingletonBeanRegistry.getSingleton(DefaultSingletonBeanRegistry.java:228)
	at org.springframework.beans.factory.support.AbstractBeanFactory.doGetBean(AbstractBeanFactory.java:300)
	at org.springframework.beans.factory.support.AbstractBeanFactory.getBean(AbstractBeanFactory.java:195)
	at org.springframework.beans.factory.support.DefaultListableBeanFactory.preInstantiateSingletons(DefaultListableBeanFactory.java:700)
	at org.springframework.context.support.AbstractApplicationContext.finishBeanFactoryInitialization(AbstractApplicationContext.java:760)
	at org.springframework.context.support.AbstractApplicationContext.refresh(AbstractApplicationContext.java:482)
	at org.springframework.context.support.ClassPathXmlApplicationContext.<init>(ClassPathXmlApplicationContext.java:139)
	at org.springframework.context.support.ClassPathXmlApplicationContext.<init>(ClassPathXmlApplicationContext.java:83)
	at client.TestClient.main(TestClient.java:9)
21-07-28 08:22:38,117 [main] Error in recovery
javax.transaction.xa.XAException
	at oracle.jdbc.xa.OracleXAResource.recover(OracleXAResource.java:703)
	at com.atomikos.datasource.xa.XATransactionalResource.recover(XATransactionalResource.java:789)
	at com.atomikos.datasource.xa.XATransactionalResource.endRecovery(XATransactionalResource.java:874)
	at com.atomikos.icatch.imp.TransactionServiceImp.recover(TransactionServiceImp.java:609)
	at com.atomikos.datasource.xa.XATransactionalResource.setRecoveryService(XATransactionalResource.java:707)
	at com.atomikos.icatch.system.Configuration.installRecoveryService(Configuration.java:235)
	at com.atomikos.icatch.standalone.UserTransactionServiceImp.init(UserTransactionServiceImp.java:285)
	at com.atomikos.icatch.config.UserTransactionServiceImp.init(Unknown Source)
	at com.atomikos.icatch.jta.UserTransactionManager.checkSetup(UserTransactionManager.java:63)
	at com.atomikos.icatch.jta.UserTransactionManager.init(UserTransactionManager.java:113)
	at sun.reflect.NativeMethodAccessorImpl.invoke0(Native Method)
	at sun.reflect.NativeMethodAccessorImpl.invoke(NativeMethodAccessorImpl.java:62)
	at sun.reflect.DelegatingMethodAccessorImpl.invoke(DelegatingMethodAccessorImpl.java:43)
	at java.lang.reflect.Method.invoke(Method.java:498)
	at org.springframework.beans.factory.support.AbstractAutowireCapableBeanFactory.invokeCustomInitMethod(AbstractAutowireCapableBeanFactory.java:1681)
	at org.springframework.beans.factory.support.AbstractAutowireCapableBeanFactory.invokeInitMethods(AbstractAutowireCapableBeanFactory.java:1620)
	at org.springframework.beans.factory.support.AbstractAutowireCapableBeanFactory.initializeBean(AbstractAutowireCapableBeanFactory.java:1549)
	at org.springframework.beans.factory.support.AbstractAutowireCapableBeanFactory.doCreateBean(AbstractAutowireCapableBeanFactory.java:539)
	at org.springframework.beans.factory.support.AbstractAutowireCapableBeanFactory.createBean(AbstractAutowireCapableBeanFactory.java:475)
	at org.springframework.beans.factory.support.AbstractBeanFactory$1.getObject(AbstractBeanFactory.java:304)
	at org.springframework.beans.factory.support.DefaultSingletonBeanRegistry.getSingleton(DefaultSingletonBeanRegistry.java:228)
	at org.springframework.beans.factory.support.AbstractBeanFactory.doGetBean(AbstractBeanFactory.java:300)
	at org.springframework.beans.factory.support.AbstractBeanFactory.getBean(AbstractBeanFactory.java:195)
	at org.springframework.beans.factory.support.DefaultListableBeanFactory.preInstantiateSingletons(DefaultListableBeanFactory.java:700)
	at org.springframework.context.support.AbstractApplicationContext.finishBeanFactoryInitialization(AbstractApplicationContext.java:760)
	at org.springframework.context.support.AbstractApplicationContext.refresh(AbstractApplicationContext.java:482)
	at org.springframework.context.support.ClassPathXmlApplicationContext.<init>(ClassPathXmlApplicationContext.java:139)
	at org.springframework.context.support.ClassPathXmlApplicationContext.<init>(ClassPathXmlApplicationContext.java:83)
	at client.TestClient.main(TestClient.java:9)
21-07-28 08:22:38,118 [main] ERROR IN RECOVERY
com.atomikos.datasource.ResourceException: Error in recovery
	at com.atomikos.datasource.xa.XATransactionalResource.recover(XATransactionalResource.java:800)
	at com.atomikos.datasource.xa.XATransactionalResource.endRecovery(XATransactionalResource.java:874)
	at com.atomikos.icatch.imp.TransactionServiceImp.recover(TransactionServiceImp.java:609)
	at com.atomikos.datasource.xa.XATransactionalResource.setRecoveryService(XATransactionalResource.java:707)
	at com.atomikos.icatch.system.Configuration.installRecoveryService(Configuration.java:235)
	at com.atomikos.icatch.standalone.UserTransactionServiceImp.init(UserTransactionServiceImp.java:285)
	at com.atomikos.icatch.config.UserTransactionServiceImp.init(Unknown Source)
	at com.atomikos.icatch.jta.UserTransactionManager.checkSetup(UserTransactionManager.java:63)
	at com.atomikos.icatch.jta.UserTransactionManager.init(UserTransactionManager.java:113)
	at sun.reflect.NativeMethodAccessorImpl.invoke0(Native Method)
	at sun.reflect.NativeMethodAccessorImpl.invoke(NativeMethodAccessorImpl.java:62)
	at sun.reflect.DelegatingMethodAccessorImpl.invoke(DelegatingMethodAccessorImpl.java:43)
	at java.lang.reflect.Method.invoke(Method.java:498)
	at org.springframework.beans.factory.support.AbstractAutowireCapableBeanFactory.invokeCustomInitMethod(AbstractAutowireCapableBeanFactory.java:1681)
	at org.springframework.beans.factory.support.AbstractAutowireCapableBeanFactory.invokeInitMethods(AbstractAutowireCapableBeanFactory.java:1620)
	at org.springframework.beans.factory.support.AbstractAutowireCapableBeanFactory.initializeBean(AbstractAutowireCapableBeanFactory.java:1549)
	at org.springframework.beans.factory.support.AbstractAutowireCapableBeanFactory.doCreateBean(AbstractAutowireCapableBeanFactory.java:539)
	at org.springframework.beans.factory.support.AbstractAutowireCapableBeanFactory.createBean(AbstractAutowireCapableBeanFactory.java:475)
	at org.springframework.beans.factory.support.AbstractBeanFactory$1.getObject(AbstractBeanFactory.java:304)
	at org.springframework.beans.factory.support.DefaultSingletonBeanRegistry.getSingleton(DefaultSingletonBeanRegistry.java:228)
	at org.springframework.beans.factory.support.AbstractBeanFactory.doGetBean(AbstractBeanFactory.java:300)
	at org.springframework.beans.factory.support.AbstractBeanFactory.getBean(AbstractBeanFactory.java:195)
	at org.springframework.beans.factory.support.DefaultListableBeanFactory.preInstantiateSingletons(DefaultListableBeanFactory.java:700)
	at org.springframework.context.support.AbstractApplicationContext.finishBeanFactoryInitialization(AbstractApplicationContext.java:760)
	at org.springframework.context.support.AbstractApplicationContext.refresh(AbstractApplicationContext.java:482)
	at org.springframework.context.support.ClassPathXmlApplicationContext.<init>(ClassPathXmlApplicationContext.java:139)
	at org.springframework.context.support.ClassPathXmlApplicationContext.<init>(ClassPathXmlApplicationContext.java:83)
	at client.TestClient.main(TestClient.java:9)
